# JRE version: OpenJDK Runtime Environment Temurin-21.0.11+10 (21.0.11+10) (build 21.0.11+10-LTS)
# Java VM: OpenJDK 64-Bit Server VM Temurin-21.0.11+10 (21.0.11+10-LTS, mixed mode, sharing, tiered, compressed oops, compressed class ptrs, parallel gc, windows-amd64)
GC Precious Log:
 CardTable entry size: 512
 CPUs: 8 total, 8 available
 Memory: 7455M
 Large Page Support: Disabled
 NUMA Support: Disabled
 Compressed Oops: Enabled (32-bit)
 Alignments: Space 512K, Generation 512K, Heap 2M
 Heap Min Capacity: 100M
 Heap Initial Capacity: 100M
 Heap Max Capacity: 2G
 Pre-touch: Disabled
 Parallel Workers: 8
Heap:
 PSYoungGen      total 23040K, used 22827K [0x00000000d5580000, 0x00000000d6f80000, 0x0000000100000000)
  eden space 20480K, 100% used [0x00000000d5580000,0x00000000d6980000,0x00000000d6980000)
  from space 2560K, 91% used [0x00000000d6980000,0x00000000d6bcaea8,0x00000000d6c00000)
  to   space 3072K, 70% used [0x00000000d6c80000,0x00000000d6e9b510,0x00000000d6f80000)
 ParOldGen       total 68608K, used 29404K [0x0000000080000000, 0x0000000084300000, 0x00000000d5580000)
  object space 68608K, 42% used [0x0000000080000000,0x0000000081cb71b0,0x0000000084300000)
 Metaspace       used 52155K, committed 53312K, reserved 1114112K
  class space    used 5756K, committed 6208K, reserved 1048576K
GC Heap History (20 events):
Event: 16.914 GC heap before
{Heap before GC invocations=12 (full 1):
 PSYoungGen      total 24576K, used 24425K [0x00000000d5580000, 0x00000000d7300000, 0x0000000100000000)
  eden space 23040K, 100% used [0x00000000d5580000,0x00000000d6c00000,0x00000000d6c00000)
  from space 1536K, 90% used [0x00000000d7180000,0x00000000d72da538,0x00000000d7300000)
  to   space 1536K, 0% used [0x00000000d7000000,0x00000000d7000000,0x00000000d7180000)
 ParOldGen       total 68608K, used 14885K [0x0000000080000000, 0x0000000084300000, 0x00000000d5580000)
  object space 68608K, 21% used [0x0000000080000000,0x0000000080e89688,0x0000000084300000)
 Metaspace       used 31102K, committed 32064K, reserved 1114112K
  class space    used 3176K, committed 3584K, reserved 1048576K
}
Event: 16.917 GC heap after
{Heap after GC invocations=12 (full 1):
 PSYoungGen      total 24064K, used 1373K [0x00000000d5580000, 0x00000000d7200000, 0x0000000100000000)
  eden space 22528K, 0% used [0x00000000d5580000,0x00000000d5580000,0x00000000d6b80000)
  from space 1536K, 89% used [0x00000000d7000000,0x00000000d71576b0,0x00000000d7180000)
  to   space 512K, 0% used [0x00000000d7180000,0x00000000d7180000,0x00000000d7200000)
 ParOldGen       total 68608K, used 16101K [0x0000000080000000, 0x0000000084300000, 0x00000000d5580000)
  object space 68608K, 23% used [0x0000000080000000,0x0000000080fb9460,0x0000000084300000)
 Metaspace       used 31102K, committed 32064K, reserved 1114112K
  class space    used 3176K, committed 3584K, reserved 1048576K
}
Event: 18.109 GC heap before
{Heap before GC invocations=13 (full 1):
 PSYoungGen      total 24064K, used 23898K [0x00000000d5580000, 0x00000000d7200000, 0x0000000100000000)
  eden space 22528K, 99% used [0x00000000d5580000,0x00000000d6b7f1d0,0x00000000d6b80000)
  from space 1536K, 89% used [0x00000000d7000000,0x00000000d71576b0,0x00000000d7180000)
  to   space 512K, 0% used [0x00000000d7180000,0x00000000d7180000,0x00000000d7200000)
 ParOldGen       total 68608K, used 16101K [0x0000000080000000, 0x0000000084300000, 0x00000000d5580000)
  object space 68608K, 23% used [0x0000000080000000,0x0000000080fb9460,0x0000000084300000)
 Metaspace       used 33212K, committed 34240K, reserved 1114112K
  class space    used 3416K, committed 3840K, reserved 1048576K
}
Event: 18.112 GC heap after
{Heap after GC invocations=13 (full 1):
 PSYoungGen      total 22528K, used 486K [0x00000000d5580000, 0x00000000d7200000, 0x0000000100000000)
  eden space 22016K, 0% used [0x00000000d5580000,0x00000000d5580000,0x00000000d6b00000)
  from space 512K, 94% used [0x00000000d7180000,0x00000000d71f9800,0x00000000d7200000)
  to   space 2560K, 0% used [0x00000000d6d00000,0x00000000d6d00000,0x00000000d6f80000)
 ParOldGen       total 68608K, used 17729K [0x0000000080000000, 0x0000000084300000, 0x00000000d5580000)
  object space 68608K, 25% used [0x0000000080000000,0x0000000081150710,0x0000000084300000)
 Metaspace       used 33212K, committed 34240K, reserved 1114112K
  class space    used 3416K, committed 3840K, reserved 1048576K
}
Event: 18.551 GC heap before
{Heap before GC invocations=14 (full 1):
 PSYoungGen      total 22528K, used 17179K [0x00000000d5580000, 0x00000000d7200000, 0x0000000100000000)
  eden space 22016K, 75% used [0x00000000d5580000,0x00000000d65cd610,0x00000000d6b00000)
  from space 512K, 94% used [0x00000000d7180000,0x00000000d71f9800,0x00000000d7200000)
  to   space 2560K, 0% used [0x00000000d6d00000,0x00000000d6d00000,0x00000000d6f80000)
 ParOldGen       total 68608K, used 17729K [0x0000000080000000, 0x0000000084300000, 0x00000000d5580000)
  object space 68608K, 25% used [0x0000000080000000,0x0000000081150710,0x0000000084300000)
 Metaspace       used 34851K, committed 35840K, reserved 1114112K
  class space    used 3634K, committed 4032K, reserved 1048576K
}
Event: 18.553 GC heap after
{Heap after GC invocations=14 (full 1):
 PSYoungGen      total 24576K, used 1064K [0x00000000d5580000, 0x00000000d7200000, 0x0000000100000000)
  eden space 22016K, 0% used [0x00000000d5580000,0x00000000d5580000,0x00000000d6b00000)
  from space 2560K, 41% used [0x00000000d6d00000,0x00000000d6e0a3a0,0x00000000d6f80000)
  to   space 1536K, 0% used [0x00000000d7080000,0x00000000d7080000,0x00000000d7200000)
 ParOldGen       total 68608K, used 18246K [0x0000000080000000, 0x0000000084300000, 0x00000000d5580000)
  object space 68608K, 26% used [0x0000000080000000,0x00000000811d1a88,0x0000000084300000)
 Metaspace       used 34851K, committed 35840K, reserved 1114112K
  class space    used 3634K, committed 4032K, reserved 1048576K
}
Event: 18.553 GC heap before
{Heap before GC invocations=15 (full 2):
 PSYoungGen      total 24576K, used 1064K [0x00000000d5580000, 0x00000000d7200000, 0x0000000100000000)
  eden space 22016K, 0% used [0x00000000d5580000,0x00000000d5580000,0x00000000d6b00000)
  from space 2560K, 41% used [0x00000000d6d00000,0x00000000d6e0a3a0,0x00000000d6f80000)
  to   space 1536K, 0% used [0x00000000d7080000,0x00000000d7080000,0x00000000d7200000)
 ParOldGen       total 68608K, used 18246K [0x0000000080000000, 0x0000000084300000, 0x00000000d5580000)
  object space 68608K, 26% used [0x0000000080000000,0x00000000811d1a88,0x0000000084300000)
 Metaspace       used 34851K, committed 35840K, reserved 1114112K
  class space    used 3634K, committed 4032K, reserved 1048576K
}
Event: 18.592 GC heap after
{Heap after GC invocations=15 (full 2):
 PSYoungGen      total 24576K, used 0K [0x00000000d5580000, 0x00000000d7200000, 0x0000000100000000)
  eden space 22016K, 0% used [0x00000000d5580000,0x00000000d5580000,0x00000000d6b00000)
  from space 2560K, 0% used [0x00000000d6d00000,0x00000000d6d00000,0x00000000d6f80000)
  to   space 1536K, 0% used [0x00000000d7080000,0x00000000d7080000,0x00000000d7200000)
 ParOldGen       total 68608K, used 18219K [0x0000000080000000, 0x0000000084300000, 0x00000000d5580000)
  object space 68608K, 26% used [0x0000000080000000,0x00000000811cafb0,0x0000000084300000)
 Metaspace       used 34851K, committed 35840K, reserved 1114112K
  class space    used 3634K, committed 4032K, reserved 1048576K
}
Event: 18.812 GC heap before
{Heap before GC invocations=16 (full 2):
 PSYoungGen      total 24576K, used 22016K [0x00000000d5580000, 0x00000000d7200000, 0x0000000100000000)
  eden space 22016K, 100% used [0x00000000d5580000,0x00000000d6b00000,0x00000000d6b00000)
  from space 2560K, 0% used [0x00000000d6d00000,0x00000000d6d00000,0x00000000d6f80000)
  to   space 1536K, 0% used [0x00000000d7080000,0x00000000d7080000,0x00000000d7200000)
 ParOldGen       total 68608K, used 18219K [0x0000000080000000, 0x0000000084300000, 0x00000000d5580000)
  object space 68608K, 26% used [0x0000000080000000,0x00000000811cafb0,0x0000000084300000)
 Metaspace       used 37478K, committed 38592K, reserved 1114112K
  class space    used 3974K, committed 4416K, reserved 1048576K
}
Event: 18.816 GC heap after
{Heap after GC invocations=16 (full 2):
 PSYoungGen      total 23552K, used 1535K [0x00000000d5580000, 0x00000000d7200000, 0x0000000100000000)
  eden space 22016K, 0% used [0x00000000d5580000,0x00000000d5580000,0x00000000d6b00000)
  from space 1536K, 99% used [0x00000000d7080000,0x00000000d71ffec8,0x00000000d7200000)
  to   space 3584K, 0% used [0x00000000d6b00000,0x00000000d6b00000,0x00000000d6e80000)
 ParOldGen       total 68608K, used 19875K [0x0000000080000000, 0x0000000084300000, 0x00000000d5580000)
  object space 68608K, 28% used [0x0000000080000000,0x0000000081368ca8,0x0000000084300000)
 Metaspace       used 37478K, committed 38592K, reserved 1114112K
  class space    used 3974K, committed 4416K, reserved 1048576K
}
Event: 19.135 GC heap before
{Heap before GC invocations=17 (full 2):
 PSYoungGen      total 23552K, used 23551K [0x00000000d5580000, 0x00000000d7200000, 0x0000000100000000)
  eden space 22016K, 100% used [0x00000000d5580000,0x00000000d6b00000,0x00000000d6b00000)
  from space 1536K, 99% used [0x00000000d7080000,0x00000000d71ffec8,0x00000000d7200000)
  to   space 3584K, 0% used [0x00000000d6b00000,0x00000000d6b00000,0x00000000d6e80000)
 ParOldGen       total 68608K, used 19875K [0x0000000080000000, 0x0000000084300000, 0x00000000d5580000)
  object space 68608K, 28% used [0x0000000080000000,0x0000000081368ca8,0x0000000084300000)
 Metaspace       used 40425K, committed 41472K, reserved 1114112K
  class space    used 4312K, committed 4736K, reserved 1048576K
}
Event: 19.139 GC heap after
{Heap after GC invocations=17 (full 2):
 PSYoungGen      total 25600K, used 1568K [0x00000000d5580000, 0x00000000d7100000, 0x0000000100000000)
  eden space 22016K, 0% used [0x00000000d5580000,0x00000000d5580000,0x00000000d6b00000)
  from space 3584K, 43% used [0x00000000d6b00000,0x00000000d6c88000,0x00000000d6e80000)
  to   space 2560K, 0% used [0x00000000d6e80000,0x00000000d6e80000,0x00000000d7100000)
 ParOldGen       total 68608K, used 20878K [0x0000000080000000, 0x0000000084300000, 0x00000000d5580000)
  object space 68608K, 30% used [0x0000000080000000,0x0000000081463838,0x0000000084300000)
 Metaspace       used 40425K, committed 41472K, reserved 1114112K
  class space    used 4312K, committed 4736K, reserved 1048576K
}
Event: 19.888 GC heap before
{Heap before GC invocations=18 (full 2):
 PSYoungGen      total 25600K, used 23584K [0x00000000d5580000, 0x00000000d7100000, 0x0000000100000000)
  eden space 22016K, 100% used [0x00000000d5580000,0x00000000d6b00000,0x00000000d6b00000)
  from space 3584K, 43% used [0x00000000d6b00000,0x00000000d6c88000,0x00000000d6e80000)
  to   space 2560K, 0% used [0x00000000d6e80000,0x00000000d6e80000,0x00000000d7100000)
 ParOldGen       total 68608K, used 20878K [0x0000000080000000, 0x0000000084300000, 0x00000000d5580000)
  object space 68608K, 30% used [0x0000000080000000,0x0000000081463838,0x0000000084300000)
 Metaspace       used 43055K, committed 44032K, reserved 1114112K
  class space    used 4652K, committed 5056K, reserved 1048576K
}
Event: 19.892 GC heap after
{Heap after GC invocations=18 (full 2):
 PSYoungGen      total 23552K, used 1472K [0x00000000d5580000, 0x00000000d7000000, 0x0000000100000000)
  eden space 22016K, 0% used [0x00000000d5580000,0x00000000d5580000,0x00000000d6b00000)
  from space 1536K, 95% used [0x00000000d6e80000,0x00000000d6ff0000,0x00000000d7000000)
  to   space 2048K, 0% used [0x00000000d6c00000,0x00000000d6c00000,0x00000000d6e00000)
 ParOldGen       total 68608K, used 22306K [0x0000000080000000, 0x0000000084300000, 0x00000000d5580000)
  object space 68608K, 32% used [0x0000000080000000,0x00000000815c8858,0x0000000084300000)
 Metaspace       used 43055K, committed 44032K, reserved 1114112K
  class space    used 4652K, committed 5056K, reserved 1048576K
}
Event: 21.516 GC heap before
{Heap before GC invocations=19 (full 2):
 PSYoungGen      total 23552K, used 23412K [0x00000000d5580000, 0x00000000d7000000, 0x0000000100000000)
  eden space 22016K, 99% used [0x00000000d5580000,0x00000000d6aed0c0,0x00000000d6b00000)
  from space 1536K, 95% used [0x00000000d6e80000,0x00000000d6ff0000,0x00000000d7000000)
  to   space 2048K, 0% used [0x00000000d6c00000,0x00000000d6c00000,0x00000000d6e00000)
 ParOldGen       total 68608K, used 22306K [0x0000000080000000, 0x0000000084300000, 0x00000000d5580000)
  object space 68608K, 32% used [0x0000000080000000,0x00000000815c8858,0x0000000084300000)
 Metaspace       used 45586K, committed 46592K, reserved 1114112K
  class space    used 4989K, committed 5440K, reserved 1048576K
}
Event: 21.520 GC heap after
{Heap after GC invocations=19 (full 2):
 PSYoungGen      total 24064K, used 1768K [0x00000000d5580000, 0x00000000d6f00000, 0x0000000100000000)
  eden space 22016K, 0% used [0x00000000d5580000,0x00000000d5580000,0x00000000d6b00000)
  from space 2048K, 86% used [0x00000000d6c00000,0x00000000d6dba0a0,0x00000000d6e00000)
  to   space 1024K, 0% used [0x00000000d6e00000,0x00000000d6e00000,0x00000000d6f00000)
 ParOldGen       total 68608K, used 23629K [0x0000000080000000, 0x0000000084300000, 0x00000000d5580000)
  object space 68608K, 34% used [0x0000000080000000,0x0000000081713568,0x0000000084300000)
 Metaspace       used 45586K, committed 46592K, reserved 1114112K
  class space    used 4989K, committed 5440K, reserved 1048576K
}
Event: 22.048 GC heap before
{Heap before GC invocations=20 (full 2):
 PSYoungGen      total 24064K, used 23784K [0x00000000d5580000, 0x00000000d6f00000, 0x0000000100000000)
  eden space 22016K, 100% used [0x00000000d5580000,0x00000000d6b00000,0x00000000d6b00000)
  from space 2048K, 86% used [0x00000000d6c00000,0x00000000d6dba0a0,0x00000000d6e00000)
  to   space 1024K, 0% used [0x00000000d6e00000,0x00000000d6e00000,0x00000000d6f00000)
 ParOldGen       total 68608K, used 23629K [0x0000000080000000, 0x0000000084300000, 0x00000000d5580000)
  object space 68608K, 34% used [0x0000000080000000,0x0000000081713568,0x0000000084300000)
 Metaspace       used 48475K, committed 49536K, reserved 1114112K
  class space    used 5349K, committed 5824K, reserved 1048576K
}
Event: 22.053 GC heap after
{Heap after GC invocations=20 (full 2):
 PSYoungGen      total 21504K, used 1023K [0x00000000d5580000, 0x00000000d7400000, 0x0000000100000000)
  eden space 20480K, 0% used [0x00000000d5580000,0x00000000d5580000,0x00000000d6980000)
  from space 1024K, 99% used [0x00000000d6e00000,0x00000000d6effed8,0x00000000d6f00000)
  to   space 4608K, 0% used [0x00000000d6980000,0x00000000d6980000,0x00000000d6e00000)
 ParOldGen       total 68608K, used 26538K [0x0000000080000000, 0x0000000084300000, 0x00000000d5580000)
  object space 68608K, 38% used [0x0000000080000000,0x00000000819eab58,0x0000000084300000)
 Metaspace       used 48475K, committed 49536K, reserved 1114112K
  class space    used 5349K, committed 5824K, reserved 1048576K
}
Event: 23.217 GC heap before
{Heap before GC invocations=21 (full 2):
 PSYoungGen      total 21504K, used 21462K [0x00000000d5580000, 0x00000000d7400000, 0x0000000100000000)
  eden space 20480K, 99% used [0x00000000d5580000,0x00000000d6975a50,0x00000000d6980000)
  from space 1024K, 99% used [0x00000000d6e00000,0x00000000d6effed8,0x00000000d6f00000)
  to   space 4608K, 0% used [0x00000000d6980000,0x00000000d6980000,0x00000000d6e00000)
 ParOldGen       total 68608K, used 26538K [0x0000000080000000, 0x0000000084300000, 0x00000000d5580000)
  object space 68608K, 38% used [0x0000000080000000,0x00000000819eab58,0x0000000084300000)
 Metaspace       used 49984K, committed 51072K, reserved 1114112K
  class space    used 5528K, committed 6016K, reserved 1048576K
}
Event: 23.223 GC heap after
{Heap after GC invocations=21 (full 2):
 PSYoungGen      total 23040K, used 2347K [0x00000000d5580000, 0x00000000d6f80000, 0x0000000100000000)
  eden space 20480K, 0% used [0x00000000d5580000,0x00000000d5580000,0x00000000d6980000)
  from space 2560K, 91% used [0x00000000d6980000,0x00000000d6bcaea8,0x00000000d6c00000)
  to   space 3072K, 0% used [0x00000000d6c80000,0x00000000d6c80000,0x00000000d6f80000)
 ParOldGen       total 68608K, used 27271K [0x0000000080000000, 0x0000000084300000, 0x00000000d5580000)
  object space 68608K, 39% used [0x0000000080000000,0x0000000081aa1e60,0x0000000084300000)
 Metaspace       used 49984K, committed 51072K, reserved 1114112K
  class space    used 5528K, committed 6016K, reserved 1048576K
}

